
                            < M A T L A B (R) >
                  Copyright 1984-2012 The MathWorks, Inc.
                    R2012b (8.0.0.783) 64-bit (glnxa64)
                              August 22, 2012

 
To get started, type one of these: helpwin, helpdesk, or demo.
For product information, visit www.mathworks.com.
 
    32

--------------------------------------------
--------------------------------------------
generating done
direct mult
Elapsed time is 3281.699107 seconds.
-----------------------
Elapsed time is 0.919117 seconds.
Elapsed time is 10.380531 seconds.
    0.0055

Elapsed time is 0.917630 seconds.
Elapsed time is 10.915257 seconds.
    0.0055

Elapsed time is 0.883852 seconds.
Elapsed time is 10.368911 seconds.
    0.0055

Elapsed time is 0.913360 seconds.
Elapsed time is 10.340259 seconds.
    0.0055

Elapsed time is 0.887783 seconds.
Elapsed time is 10.413377 seconds.
    0.0055

Elapsed time is 0.915663 seconds.
Elapsed time is 10.357095 seconds.
    0.0055

Elapsed time is 0.924711 seconds.
Elapsed time is 10.489622 seconds.
    0.0055

Elapsed time is 0.909527 seconds.
Elapsed time is 10.359290 seconds.
    0.0055

Elapsed time is 0.915624 seconds.
Elapsed time is 10.664611 seconds.
    0.0055

Elapsed time is 0.912666 seconds.
Elapsed time is 10.371078 seconds.
    0.0055

generating done
direct mult
Elapsed time is 3277.734398 seconds.
-----------------------
Elapsed time is 0.909576 seconds.
Elapsed time is 10.415059 seconds.
    0.0055

Elapsed time is 0.906412 seconds.
Elapsed time is 10.406233 seconds.
    0.0055

Elapsed time is 0.895382 seconds.
Elapsed time is 10.420263 seconds.
    0.0055

Elapsed time is 0.905998 seconds.
Elapsed time is 10.401409 seconds.
    0.0055

Elapsed time is 0.894273 seconds.
Elapsed time is 10.416343 seconds.
    0.0055

Elapsed time is 0.898835 seconds.
Elapsed time is 10.364008 seconds.
    0.0055

Elapsed time is 0.908126 seconds.
Elapsed time is 10.421313 seconds.
    0.0055

Elapsed time is 0.905016 seconds.
Elapsed time is 10.402668 seconds.
    0.0055

Elapsed time is 0.900631 seconds.
Elapsed time is 10.395249 seconds.
    0.0055

Elapsed time is 0.906001 seconds.
Elapsed time is 10.392606 seconds.
    0.0055

generating done
direct mult
Elapsed time is 3268.313674 seconds.
-----------------------
Elapsed time is 0.887716 seconds.
Elapsed time is 10.481909 seconds.
    0.0055

Elapsed time is 0.913001 seconds.
Elapsed time is 10.472685 seconds.
    0.0055

Elapsed time is 0.892669 seconds.
Elapsed time is 10.466233 seconds.
    0.0055

Elapsed time is 0.906533 seconds.
Elapsed time is 10.473028 seconds.
    0.0055

Elapsed time is 0.802175 seconds.
Elapsed time is 10.062021 seconds.
    0.0055

Elapsed time is 0.816717 seconds.
Elapsed time is 10.158633 seconds.
    0.0055

Elapsed time is 0.815480 seconds.
Elapsed time is 10.157653 seconds.
    0.0055

Elapsed time is 0.816496 seconds.
Elapsed time is 10.147108 seconds.
    0.0055

Elapsed time is 0.791317 seconds.
Elapsed time is 10.014403 seconds.
    0.0055

Elapsed time is 0.825308 seconds.
Elapsed time is 10.271082 seconds.
    0.0055

generating done
direct mult
Elapsed time is 3272.889334 seconds.
-----------------------
Elapsed time is 0.909425 seconds.
Elapsed time is 10.370845 seconds.
    0.0055

Elapsed time is 0.904937 seconds.
Elapsed time is 10.452155 seconds.
    0.0055

Elapsed time is 0.902474 seconds.
Elapsed time is 10.484629 seconds.
    0.0055

Elapsed time is 0.904243 seconds.
Elapsed time is 10.475487 seconds.
    0.0055

Elapsed time is 0.905025 seconds.
Elapsed time is 10.482662 seconds.
    0.0055

Elapsed time is 0.906365 seconds.
Elapsed time is 10.479238 seconds.
    0.0055

Elapsed time is 0.906974 seconds.
Elapsed time is 10.484007 seconds.
    0.0055

Elapsed time is 0.897654 seconds.
Elapsed time is 10.482385 seconds.
    0.0055

Elapsed time is 0.906163 seconds.
Elapsed time is 10.482131 seconds.
    0.0055

Elapsed time is 0.883050 seconds.
Elapsed time is 10.419991 seconds.
    0.0055

generating done
direct mult
Elapsed time is 3280.710666 seconds.
-----------------------
Elapsed time is 0.897107 seconds.
Elapsed time is 10.469764 seconds.
    0.0055

Elapsed time is 0.907036 seconds.
Elapsed time is 10.439283 seconds.
    0.0055

Elapsed time is 0.896197 seconds.
Elapsed time is 10.448691 seconds.
    0.0055

Elapsed time is 0.907490 seconds.
Elapsed time is 10.449062 seconds.
    0.0055

Elapsed time is 0.888120 seconds.
Elapsed time is 10.383017 seconds.
    0.0055

Elapsed time is 0.894606 seconds.
Elapsed time is 10.439355 seconds.
    0.0055

Elapsed time is 0.897595 seconds.
Elapsed time is 10.441584 seconds.
    0.0055

Elapsed time is 0.892196 seconds.
Elapsed time is 10.437677 seconds.
    0.0055

Elapsed time is 0.901959 seconds.
Elapsed time is 10.450530 seconds.
    0.0055

Elapsed time is 0.896983 seconds.
Elapsed time is 10.444690 seconds.
    0.0055

    64

--------------------------------------------
--------------------------------------------
generating done
direct mult
Elapsed time is 3272.028161 seconds.
-----------------------
Elapsed time is 1.050454 seconds.
Elapsed time is 13.784281 seconds.
    0.0055

Elapsed time is 0.909282 seconds.
Elapsed time is 13.668061 seconds.
    0.0055

Elapsed time is 0.906566 seconds.
Elapsed time is 13.656781 seconds.
    0.0055

Elapsed time is 0.885450 seconds.
Elapsed time is 13.266788 seconds.
    0.0055

Elapsed time is 0.896029 seconds.
Elapsed time is 13.652612 seconds.
    0.0055

Elapsed time is 0.899608 seconds.
Elapsed time is 13.348222 seconds.
    0.0055

Elapsed time is 0.907502 seconds.
Elapsed time is 13.647003 seconds.
    0.0055

Elapsed time is 0.908231 seconds.
Elapsed time is 13.707527 seconds.
    0.0055

Elapsed time is 0.907159 seconds.
Elapsed time is 13.682128 seconds.
    0.0055

Elapsed time is 0.908306 seconds.
Elapsed time is 13.312739 seconds.
    0.0055

generating done
direct mult
Elapsed time is 3273.938313 seconds.
-----------------------
Elapsed time is 0.904418 seconds.
Elapsed time is 13.672891 seconds.
    0.0055

Elapsed time is 0.905848 seconds.
Elapsed time is 13.764969 seconds.
    0.0055

Elapsed time is 0.904897 seconds.
Elapsed time is 13.673779 seconds.
    0.0055

Elapsed time is 0.906862 seconds.
Elapsed time is 13.727986 seconds.
    0.0055

Elapsed time is 0.886000 seconds.
Elapsed time is 13.692075 seconds.
    0.0055

Elapsed time is 0.903699 seconds.
Elapsed time is 13.757990 seconds.
    0.0055

Elapsed time is 0.913565 seconds.
Elapsed time is 13.730256 seconds.
    0.0055

Elapsed time is 0.912158 seconds.
Elapsed time is 13.750572 seconds.
    0.0055

Elapsed time is 0.798802 seconds.
Elapsed time is 13.349939 seconds.
    0.0055

Elapsed time is 0.820722 seconds.
Elapsed time is 13.474667 seconds.
    0.0055

generating done
direct mult
Elapsed time is 3275.847264 seconds.
-----------------------
Elapsed time is 0.901338 seconds.
Elapsed time is 13.691871 seconds.
    0.0055

Elapsed time is 0.904420 seconds.
Elapsed time is 13.690031 seconds.
    0.0055

Elapsed time is 0.898115 seconds.
Elapsed time is 13.678033 seconds.
    0.0055

Elapsed time is 0.898623 seconds.
Elapsed time is 13.666364 seconds.
    0.0055

Elapsed time is 0.892158 seconds.
Elapsed time is 13.291486 seconds.
    0.0055

Elapsed time is 0.887883 seconds.
Elapsed time is 13.593645 seconds.
    0.0055

Elapsed time is 0.906599 seconds.
Elapsed time is 13.311091 seconds.
    0.0055

Elapsed time is 0.900303 seconds.
Elapsed time is 13.318939 seconds.
    0.0055

Elapsed time is 0.899627 seconds.
Elapsed time is 13.686943 seconds.
    0.0055

Elapsed time is 0.898360 seconds.
Elapsed time is 13.703508 seconds.
    0.0055

generating done
direct mult
Elapsed time is 3272.457630 seconds.
-----------------------
Elapsed time is 0.792773 seconds.
Elapsed time is 13.570720 seconds.
    0.0055

Elapsed time is 0.904797 seconds.
Elapsed time is 13.688323 seconds.
    0.0055

Elapsed time is 0.905170 seconds.
Elapsed time is 13.704479 seconds.
    0.0055

Elapsed time is 0.909883 seconds.
Elapsed time is 13.712405 seconds.
    0.0055

Elapsed time is 0.907423 seconds.
Elapsed time is 13.733185 seconds.
    0.0055

Elapsed time is 0.900111 seconds.
Elapsed time is 13.691620 seconds.
    0.0055

Elapsed time is 0.898223 seconds.
Elapsed time is 13.688778 seconds.
    0.0055

Elapsed time is 0.899943 seconds.
Elapsed time is 13.295524 seconds.
    0.0055

Elapsed time is 0.904255 seconds.
Elapsed time is 13.290194 seconds.
    0.0055

Elapsed time is 0.907300 seconds.
Elapsed time is 13.342222 seconds.
    0.0055

generating done
direct mult
Elapsed time is 3278.418124 seconds.
-----------------------
Elapsed time is 0.905024 seconds.
Elapsed time is 13.274776 seconds.
    0.0055

Elapsed time is 0.908998 seconds.
Elapsed time is 13.334795 seconds.
    0.0055

Elapsed time is 0.909753 seconds.
Elapsed time is 13.716627 seconds.
    0.0055

Elapsed time is 0.901619 seconds.
Elapsed time is 13.387363 seconds.
    0.0055

Elapsed time is 0.899172 seconds.
Elapsed time is 13.682261 seconds.
    0.0055

Elapsed time is 0.906458 seconds.
Elapsed time is 13.711645 seconds.
    0.0055

Elapsed time is 0.890064 seconds.
Elapsed time is 13.327967 seconds.
    0.0055

Elapsed time is 0.904103 seconds.
Elapsed time is 13.722553 seconds.
    0.0055

Elapsed time is 0.909329 seconds.
Elapsed time is 13.716726 seconds.
    0.0055

Elapsed time is 0.906478 seconds.
Elapsed time is 13.732899 seconds.
    0.0055

   128

--------------------------------------------
--------------------------------------------
generating done
direct mult
Elapsed time is 3271.636820 seconds.
-----------------------
Elapsed time is 0.879378 seconds.
Elapsed time is 19.795970 seconds.
    0.0055

Elapsed time is 0.892161 seconds.
Elapsed time is 19.860539 seconds.
    0.0055

Elapsed time is 0.891917 seconds.
Elapsed time is 20.280573 seconds.
    0.0055

Elapsed time is 0.887779 seconds.
Elapsed time is 20.333697 seconds.
    0.0055

Elapsed time is 0.878328 seconds.
Elapsed time is 18.989509 seconds.
    0.0055

Elapsed time is 0.885047 seconds.
Elapsed time is 19.880436 seconds.
    0.0055

Elapsed time is 0.886310 seconds.
Elapsed time is 20.307296 seconds.
    0.0055

Elapsed time is 0.879855 seconds.
Elapsed time is 20.312490 seconds.
    0.0055

Elapsed time is 0.879404 seconds.
Elapsed time is 20.335260 seconds.
    0.0055

Elapsed time is 0.884434 seconds.
Elapsed time is 19.740461 seconds.
    0.0055

generating done
direct mult
Elapsed time is 3253.415986 seconds.
-----------------------
Elapsed time is 1.049084 seconds.
Elapsed time is 34.785002 seconds.
    0.0055

Elapsed time is 0.883848 seconds.
Elapsed time is 22.182403 seconds.
    0.0055

Elapsed time is 0.888186 seconds.
Elapsed time is 29.800677 seconds.
    0.0055

Elapsed time is 0.893347 seconds.
Elapsed time is 23.081197 seconds.
    0.0055

Elapsed time is 0.881436 seconds.
Elapsed time is 33.006890 seconds.
    0.0055

Elapsed time is 0.854568 seconds.
Elapsed time is 19.972670 seconds.
    0.0055

Elapsed time is 0.817965 seconds.
Elapsed time is 21.366785 seconds.
    0.0055

Elapsed time is 0.818634 seconds.
Elapsed time is 20.392332 seconds.
    0.0055

Elapsed time is 0.818208 seconds.
Elapsed time is 20.028415 seconds.
    0.0055

Elapsed time is 0.890628 seconds.
Elapsed time is 19.492676 seconds.
    0.0055

generating done
direct mult
Elapsed time is 3243.268900 seconds.
-----------------------
Elapsed time is 0.866748 seconds.
Elapsed time is 20.277480 seconds.
    0.0055

Elapsed time is 0.890589 seconds.
Elapsed time is 20.016924 seconds.
    0.0055

Elapsed time is 0.889933 seconds.
Elapsed time is 19.076102 seconds.
    0.0055

Elapsed time is 0.893459 seconds.
Elapsed time is 19.125197 seconds.
    0.0055

Elapsed time is 0.884729 seconds.
Elapsed time is 20.078401 seconds.
    0.0055

Elapsed time is 0.850136 seconds.
Elapsed time is 20.649496 seconds.
    0.0055

Elapsed time is 0.873407 seconds.
Elapsed time is 20.854871 seconds.
    0.0055

Elapsed time is 0.893783 seconds.
Elapsed time is 19.124612 seconds.
    0.0055

Elapsed time is 0.885259 seconds.
Elapsed time is 20.399026 seconds.
    0.0055

Elapsed time is 0.869980 seconds.
Elapsed time is 20.193781 seconds.
    0.0055

generating done
direct mult
Elapsed time is 3232.985948 seconds.
-----------------------
Elapsed time is 0.901682 seconds.
Elapsed time is 20.400176 seconds.
    0.0055

Elapsed time is 0.884321 seconds.
Elapsed time is 19.542705 seconds.
    0.0055

Elapsed time is 0.902651 seconds.
Elapsed time is 19.781799 seconds.
    0.0055

Elapsed time is 0.854511 seconds.
Elapsed time is 19.729973 seconds.
    0.0055

Elapsed time is 0.894959 seconds.
Elapsed time is 19.387999 seconds.
    0.0055

Elapsed time is 0.884497 seconds.
Elapsed time is 20.686873 seconds.
    0.0055

Elapsed time is 0.884545 seconds.
Elapsed time is 19.980453 seconds.
    0.0055

Elapsed time is 0.869900 seconds.
Elapsed time is 19.783089 seconds.
    0.0055

Elapsed time is 0.869821 seconds.
Elapsed time is 20.232467 seconds.
    0.0055

Elapsed time is 0.892624 seconds.
Elapsed time is 19.365021 seconds.
    0.0055

generating done
direct mult
Elapsed time is 3236.399441 seconds.
-----------------------
Elapsed time is 0.897582 seconds.
Elapsed time is 19.952113 seconds.
    0.0055

Elapsed time is 0.877543 seconds.
Elapsed time is 19.410208 seconds.
    0.0055

Elapsed time is 0.895357 seconds.
Elapsed time is 20.579069 seconds.
    0.0055

Elapsed time is 0.873899 seconds.
Elapsed time is 20.619740 seconds.
    0.0055

Elapsed time is 0.866132 seconds.
Elapsed time is 19.825302 seconds.
    0.0055

Elapsed time is 0.891456 seconds.
Elapsed time is 19.035957 seconds.
    0.0055

Elapsed time is 0.880457 seconds.
Elapsed time is 20.370223 seconds.
    0.0055

Elapsed time is 0.894255 seconds.
Elapsed time is 18.972002 seconds.
    0.0055

Elapsed time is 0.880141 seconds.
Elapsed time is 20.280334 seconds.
    0.0055

Elapsed time is 0.874072 seconds.
Elapsed time is 20.365018 seconds.
    0.0055

   256

--------------------------------------------
--------------------------------------------
generating done
direct mult
Elapsed time is 3231.039811 seconds.
-----------------------
Elapsed time is 0.873122 seconds.
Elapsed time is 34.348581 seconds.
    0.0055

Elapsed time is 0.871907 seconds.
Elapsed time is 32.385509 seconds.
    0.0055

Elapsed time is 0.886649 seconds.
Elapsed time is 33.093355 seconds.
    0.0055

Elapsed time is 0.866976 seconds.
Elapsed time is 34.028916 seconds.
    0.0055

Elapsed time is 0.876816 seconds.
Elapsed time is 31.298714 seconds.
    0.0055

Elapsed time is 0.878662 seconds.
Elapsed time is 32.866792 seconds.
    0.0055

Elapsed time is 0.890410 seconds.
Elapsed time is 31.386662 seconds.
    0.0055

Elapsed time is 0.864830 seconds.
Elapsed time is 31.106190 seconds.
    0.0055

Elapsed time is 0.871882 seconds.
Elapsed time is 31.388470 seconds.
    0.0055

Elapsed time is 0.890449 seconds.
Elapsed time is 33.284111 seconds.
    0.0055

generating done
direct mult
Elapsed time is 3239.225733 seconds.
-----------------------
Elapsed time is 0.879976 seconds.
Elapsed time is 31.940368 seconds.
    0.0055

Elapsed time is 0.883252 seconds.
Elapsed time is 33.659475 seconds.
    0.0055

Elapsed time is 0.890407 seconds.
Elapsed time is 30.411519 seconds.
    0.0055

Elapsed time is 0.874916 seconds.
Elapsed time is 32.485298 seconds.
    0.0055

Elapsed time is 0.896873 seconds.
Elapsed time is 33.847015 seconds.
    0.0055

Elapsed time is 0.860614 seconds.
Elapsed time is 31.736596 seconds.
    0.0055

Elapsed time is 0.934102 seconds.
Elapsed time is 33.227470 seconds.
    0.0055

Elapsed time is 0.881377 seconds.
Elapsed time is 31.469680 seconds.
    0.0055

Elapsed time is 0.802215 seconds.
Elapsed time is 30.617496 seconds.
    0.0055

Elapsed time is 0.806780 seconds.
Elapsed time is 31.754636 seconds.
    0.0055

generating done
direct mult
Elapsed time is 3232.656931 seconds.
-----------------------
Elapsed time is 0.891558 seconds.
Elapsed time is 31.033321 seconds.
    0.0055

Elapsed time is 0.908794 seconds.
Elapsed time is 32.313151 seconds.
    0.0055

Elapsed time is 0.875519 seconds.
Elapsed time is 34.041786 seconds.
    0.0055

Elapsed time is 0.894534 seconds.
Elapsed time is 34.073276 seconds.
    0.0055

Elapsed time is 0.816893 seconds.
Elapsed time is 31.560160 seconds.
    0.0055

Elapsed time is 0.813950 seconds.
Elapsed time is 32.621506 seconds.
    0.0055

Elapsed time is 0.849066 seconds.
Elapsed time is 30.404640 seconds.
    0.0055

Elapsed time is 0.876523 seconds.
Elapsed time is 32.617030 seconds.
    0.0055

Elapsed time is 0.894141 seconds.
Elapsed time is 32.855079 seconds.
    0.0055

Elapsed time is 0.884320 seconds.
Elapsed time is 31.160988 seconds.
    0.0055

generating done
direct mult
Elapsed time is 3228.533524 seconds.
-----------------------
Elapsed time is 0.868826 seconds.
Elapsed time is 33.118194 seconds.
    0.0055

Elapsed time is 0.884037 seconds.
Elapsed time is 32.293522 seconds.
    0.0055

Elapsed time is 0.887843 seconds.
Elapsed time is 32.942804 seconds.
    0.0055

Elapsed time is 0.866548 seconds.
Elapsed time is 33.611091 seconds.
    0.0055

Elapsed time is 0.881427 seconds.
Elapsed time is 33.419416 seconds.
    0.0055

Elapsed time is 0.883072 seconds.
Elapsed time is 33.885363 seconds.
    0.0055

Elapsed time is 0.877006 seconds.
Elapsed time is 31.987910 seconds.
    0.0055

Elapsed time is 0.856550 seconds.
Elapsed time is 32.379462 seconds.
    0.0055

Elapsed time is 0.897406 seconds.
Elapsed time is 33.167524 seconds.
    0.0055

Elapsed time is 0.862014 seconds.
Elapsed time is 32.390551 seconds.
    0.0055

generating done
direct mult
Elapsed time is 3234.962181 seconds.
-----------------------
Elapsed time is 0.848190 seconds.
Elapsed time is 36.659228 seconds.
    0.0055

Elapsed time is 0.846776 seconds.
Elapsed time is 34.050890 seconds.
    0.0055

Elapsed time is 0.879066 seconds.
Elapsed time is 32.621631 seconds.
    0.0055

Elapsed time is 0.854380 seconds.
Elapsed time is 33.297386 seconds.
    0.0055

Elapsed time is 0.851205 seconds.
Elapsed time is 31.749284 seconds.
    0.0055

Elapsed time is 0.851033 seconds.
Elapsed time is 32.040656 seconds.
    0.0055

Elapsed time is 0.871833 seconds.
Elapsed time is 34.159902 seconds.
    0.0055

Elapsed time is 0.852555 seconds.
Elapsed time is 33.821564 seconds.
    0.0055

Elapsed time is 0.853405 seconds.
Elapsed time is 32.257686 seconds.
    0.0055

Elapsed time is 0.857411 seconds.
Elapsed time is 32.559598 seconds.
    0.0055

   512

--------------------------------------------
--------------------------------------------
generating done
direct mult
Elapsed time is 3209.023693 seconds.
-----------------------
Elapsed time is 0.809932 seconds.
Elapsed time is 56.757932 seconds.
    0.0055

Elapsed time is 0.868443 seconds.
Elapsed time is 60.213122 seconds.
    0.0055

Elapsed time is 0.857798 seconds.
Elapsed time is 59.528407 seconds.
    0.0055

Elapsed time is 0.846943 seconds.
Elapsed time is 55.708089 seconds.
    0.0055

Elapsed time is 0.878509 seconds.
Elapsed time is 61.464604 seconds.
    0.0055

Elapsed time is 0.856878 seconds.
Elapsed time is 57.040565 seconds.
    0.0055

Elapsed time is 0.878478 seconds.
Elapsed time is 60.771269 seconds.
    0.0055

Elapsed time is 0.862163 seconds.
Elapsed time is 64.641807 seconds.
    0.0055

Elapsed time is 0.860387 seconds.
Elapsed time is 60.382240 seconds.
    0.0055

Elapsed time is 0.855034 seconds.
Elapsed time is 57.634242 seconds.
    0.0055

generating done
direct mult
Elapsed time is 3124.851887 seconds.
-----------------------
Elapsed time is 0.778548 seconds.
Elapsed time is 55.441763 seconds.
    0.0055

Elapsed time is 0.778678 seconds.
Elapsed time is 51.092532 seconds.
    0.0055

Elapsed time is 0.784729 seconds.
Elapsed time is 51.352283 seconds.
    0.0055

Elapsed time is 0.778146 seconds.
Elapsed time is 53.879325 seconds.
    0.0055

Elapsed time is 0.778789 seconds.
Elapsed time is 56.559656 seconds.
    0.0055

Elapsed time is 0.790881 seconds.
Elapsed time is 52.685993 seconds.
    0.0055

Elapsed time is 0.790625 seconds.
Elapsed time is 56.002093 seconds.
    0.0055

Elapsed time is 0.783785 seconds.
Elapsed time is 53.325482 seconds.
    0.0055

Elapsed time is 0.790980 seconds.
Elapsed time is 51.532719 seconds.
    0.0055

Elapsed time is 0.788895 seconds.
Elapsed time is 55.978048 seconds.
    0.0055

generating done
direct mult
Elapsed time is 2899.223254 seconds.
-----------------------
Elapsed time is 0.778971 seconds.
Elapsed time is 47.768726 seconds.
    0.0055

Elapsed time is 0.779166 seconds.
Elapsed time is 53.091137 seconds.
    0.0055

Elapsed time is 0.786582 seconds.
Elapsed time is 52.905965 seconds.
    0.0055

Elapsed time is 0.779542 seconds.
Elapsed time is 51.517140 seconds.
    0.0055

Elapsed time is 0.791778 seconds.
Elapsed time is 54.954684 seconds.
    0.0055

Elapsed time is 0.788397 seconds.
Elapsed time is 54.543899 seconds.
    0.0055

Elapsed time is 0.786925 seconds.
Elapsed time is 49.240240 seconds.
    0.0055

Elapsed time is 0.788021 seconds.
Elapsed time is 49.697929 seconds.
    0.0055

Elapsed time is 0.778698 seconds.
Elapsed time is 52.933682 seconds.
    0.0055

Elapsed time is 0.778789 seconds.
Elapsed time is 50.920630 seconds.
    0.0055

generating done
direct mult
Elapsed time is 2893.608552 seconds.
-----------------------
Elapsed time is 0.778534 seconds.
Elapsed time is 53.376635 seconds.
    0.0055

Elapsed time is 0.783430 seconds.
Elapsed time is 50.060675 seconds.
    0.0055

Elapsed time is 0.790722 seconds.
Elapsed time is 52.060981 seconds.
    0.0055

Elapsed time is 0.795620 seconds.
Elapsed time is 54.243716 seconds.
    0.0055

Elapsed time is 0.779814 seconds.
Elapsed time is 54.064519 seconds.
    0.0055

Elapsed time is 0.778510 seconds.
Elapsed time is 53.508809 seconds.
    0.0055

Elapsed time is 0.787485 seconds.
Elapsed time is 55.150579 seconds.
    0.0055

Elapsed time is 0.783480 seconds.
Elapsed time is 51.660852 seconds.
    0.0055

Elapsed time is 0.785973 seconds.
Elapsed time is 50.224867 seconds.
    0.0055

Elapsed time is 0.779095 seconds.
Elapsed time is 53.176880 seconds.
    0.0055

generating done
direct mult
Elapsed time is 2904.167871 seconds.
-----------------------
Elapsed time is 0.786604 seconds.
Elapsed time is 52.863498 seconds.
    0.0055

Elapsed time is 0.792014 seconds.
Elapsed time is 54.173856 seconds.
    0.0055

Elapsed time is 0.794957 seconds.
Elapsed time is 52.043710 seconds.
    0.0055

Elapsed time is 0.790080 seconds.
Elapsed time is 49.543141 seconds.
    0.0055

Elapsed time is 0.793204 seconds.
Elapsed time is 51.142964 seconds.
    0.0055

Elapsed time is 0.793483 seconds.
Elapsed time is 50.654169 seconds.
    0.0055

Elapsed time is 0.790655 seconds.
Elapsed time is 48.577196 seconds.
    0.0055

Elapsed time is 0.792018 seconds.
Elapsed time is 52.704676 seconds.
    0.0055

Elapsed time is 0.779310 seconds.
Elapsed time is 53.834346 seconds.
    0.0055

Elapsed time is 0.778835 seconds.
Elapsed time is 53.681841 seconds.
    0.0055

        1024

--------------------------------------------
--------------------------------------------
generating done
direct mult
Elapsed time is 2898.024657 seconds.
-----------------------
Elapsed time is 0.785775 seconds.
Elapsed time is 107.783019 seconds.
    0.0055

Elapsed time is 0.791595 seconds.
Elapsed time is 94.321429 seconds.
    0.0055

Elapsed time is 0.787384 seconds.
Elapsed time is 104.758536 seconds.
    0.0055

Elapsed time is 0.779443 seconds.
Elapsed time is 96.956284 seconds.
    0.0055

Elapsed time is 0.778498 seconds.
Elapsed time is 116.048756 seconds.
    0.0055

Elapsed time is 0.778544 seconds.
Elapsed time is 106.016244 seconds.
    0.0055

Elapsed time is 0.779703 seconds.
Elapsed time is 106.707046 seconds.
    0.0055

Elapsed time is 0.792343 seconds.
Elapsed time is 117.504649 seconds.
    0.0055

Elapsed time is 0.791292 seconds.
Elapsed time is 113.049059 seconds.
    0.0055

Elapsed time is 0.778712 seconds.
Elapsed time is 114.777744 seconds.
    0.0055

generating done
direct mult
Elapsed time is 2892.026227 seconds.
-----------------------
Elapsed time is 0.795298 seconds.
Elapsed time is 108.548129 seconds.
    0.0055

Elapsed time is 0.778520 seconds.
Elapsed time is 106.503034 seconds.
    0.0055

Elapsed time is 0.783110 seconds.
Elapsed time is 108.623286 seconds.
    0.0055

Elapsed time is 0.779934 seconds.
Elapsed time is 108.318574 seconds.
    0.0055

Elapsed time is 0.778076 seconds.
Elapsed time is 101.052606 seconds.
    0.0055

Elapsed time is 0.793599 seconds.
Elapsed time is 111.681224 seconds.
    0.0055

Elapsed time is 0.792010 seconds.
Elapsed time is 105.270718 seconds.
    0.0055

Elapsed time is 0.777514 seconds.
Elapsed time is 112.513008 seconds.
    0.0055

Elapsed time is 0.778222 seconds.
Elapsed time is 100.447241 seconds.
    0.0055

Elapsed time is 0.777467 seconds.
Elapsed time is 106.360726 seconds.
    0.0055

generating done
direct mult
Elapsed time is 2893.175810 seconds.
-----------------------
Elapsed time is 0.781080 seconds.
Elapsed time is 100.556705 seconds.
    0.0055

Elapsed time is 0.780917 seconds.
Elapsed time is 104.742856 seconds.
    0.0055

Elapsed time is 0.786078 seconds.
Elapsed time is 103.813197 seconds.
    0.0055

Elapsed time is 0.778133 seconds.
Elapsed time is 113.040965 seconds.
    0.0055

Elapsed time is 0.786605 seconds.
Elapsed time is 109.966949 seconds.
    0.0055

Elapsed time is 0.779042 seconds.
Elapsed time is 107.854216 seconds.
    0.0055

Elapsed time is 0.787735 seconds.
Elapsed time is 107.742213 seconds.
    0.0055

Elapsed time is 0.790752 seconds.
Elapsed time is 107.230765 seconds.
    0.0055

Elapsed time is 0.778403 seconds.
Elapsed time is 107.374625 seconds.
    0.0055

Elapsed time is 0.793035 seconds.
Elapsed time is 104.805090 seconds.
    0.0055

generating done
direct mult
Elapsed time is 2898.349748 seconds.
-----------------------
Elapsed time is 0.785801 seconds.
Elapsed time is 113.996336 seconds.
    0.0055

Elapsed time is 0.778690 seconds.
Elapsed time is 106.276078 seconds.
    0.0055

Elapsed time is 0.785897 seconds.
Elapsed time is 105.775255 seconds.
    0.0055

Elapsed time is 0.778758 seconds.
Elapsed time is 103.329255 seconds.
    0.0055

Elapsed time is 0.780343 seconds.
Elapsed time is 113.517859 seconds.
    0.0055

Elapsed time is 0.777405 seconds.
Elapsed time is 106.910143 seconds.
    0.0055

Elapsed time is 0.785269 seconds.
Elapsed time is 105.392496 seconds.
    0.0055

Elapsed time is 0.785068 seconds.
Elapsed time is 98.341337 seconds.
    0.0055

Elapsed time is 0.778304 seconds.
Elapsed time is 112.588554 seconds.
    0.0055

Elapsed time is 0.865078 seconds.
Elapsed time is 110.486629 seconds.
    0.0055

generating done
direct mult
Elapsed time is 2888.675120 seconds.
-----------------------
Elapsed time is 0.786892 seconds.
Elapsed time is 106.602221 seconds.
    0.0055

Elapsed time is 0.779464 seconds.
Elapsed time is 100.457106 seconds.
    0.0055

Elapsed time is 0.789244 seconds.
Elapsed time is 109.148678 seconds.
    0.0055

Elapsed time is 0.779834 seconds.
Elapsed time is 103.623577 seconds.
    0.0055

Elapsed time is 0.778108 seconds.
Elapsed time is 115.306834 seconds.
    0.0055

Elapsed time is 0.785644 seconds.
Elapsed time is 117.441770 seconds.
    0.0055

Elapsed time is 0.792448 seconds.
Elapsed time is 109.289241 seconds.
    0.0055

Elapsed time is 0.791494 seconds.
Elapsed time is 106.217640 seconds.
    0.0055

Elapsed time is 0.779964 seconds.
Elapsed time is 98.839175 seconds.
    0.0055

Elapsed time is 0.784668 seconds.
Elapsed time is 109.996959 seconds.
    0.0055

>> 