
                            < M A T L A B (R) >
                  Copyright 1984-2012 The MathWorks, Inc.
                    R2012b (8.0.0.783) 64-bit (glnxa64)
                              August 22, 2012

 
To get started, type one of these: helpwin, helpdesk, or demo.
For product information, visit www.mathworks.com.
 
    32

--------------------------------------------
--------------------------------------------
generating done
direct mult
Elapsed time is 3276.014225 seconds.
-----------------------
Elapsed time is 35.376678 seconds.
    0.1767

Elapsed time is 34.733164 seconds.
    0.1767

Elapsed time is 34.501553 seconds.
    0.1767

Elapsed time is 34.666238 seconds.
    0.1767

Elapsed time is 34.464012 seconds.
    0.1767

Elapsed time is 34.487886 seconds.
    0.1767

Elapsed time is 34.434635 seconds.
    0.1767

Elapsed time is 34.527430 seconds.
    0.1767

Elapsed time is 34.418730 seconds.
    0.1767

Elapsed time is 34.541531 seconds.
    0.1767

generating done
direct mult
Elapsed time is 3268.160829 seconds.
-----------------------
Elapsed time is 34.311574 seconds.
    0.1767

Elapsed time is 34.260194 seconds.
    0.1767

Elapsed time is 34.292835 seconds.
    0.1767

Elapsed time is 34.385761 seconds.
    0.1767

Elapsed time is 34.152416 seconds.
    0.1767

Elapsed time is 34.393981 seconds.
    0.1767

Elapsed time is 34.321556 seconds.
    0.1767

Elapsed time is 33.996807 seconds.
    0.1767

Elapsed time is 32.178552 seconds.
    0.1767

Elapsed time is 32.354075 seconds.
    0.1767

generating done
direct mult
Elapsed time is 3271.113208 seconds.
-----------------------
Elapsed time is 34.212839 seconds.
    0.1767

Elapsed time is 34.405258 seconds.
    0.1767

Elapsed time is 34.332148 seconds.
    0.1767

Elapsed time is 34.403532 seconds.
    0.1767

Elapsed time is 34.263466 seconds.
    0.1767

Elapsed time is 34.458452 seconds.
    0.1767

Elapsed time is 34.325841 seconds.
    0.1767

Elapsed time is 34.298059 seconds.
    0.1767

Elapsed time is 34.322605 seconds.
    0.1767

Elapsed time is 33.508490 seconds.
    0.1767

generating done
direct mult
Elapsed time is 3265.168695 seconds.
-----------------------
Elapsed time is 34.191018 seconds.
    0.1767

Elapsed time is 34.323260 seconds.
    0.1767

Elapsed time is 34.212753 seconds.
    0.1767

Elapsed time is 34.193605 seconds.
    0.1767

Elapsed time is 34.179755 seconds.
    0.1767

Elapsed time is 34.277940 seconds.
    0.1767

Elapsed time is 34.203924 seconds.
    0.1767

Elapsed time is 34.280108 seconds.
    0.1767

Elapsed time is 34.145202 seconds.
    0.1767

Elapsed time is 34.279018 seconds.
    0.1767

generating done
direct mult
Elapsed time is 3267.750344 seconds.
-----------------------
Elapsed time is 34.393931 seconds.
    0.1767

Elapsed time is 34.438330 seconds.
    0.1767

Elapsed time is 34.253077 seconds.
    0.1767

Elapsed time is 34.459123 seconds.
    0.1767

Elapsed time is 33.386581 seconds.
    0.1767

Elapsed time is 32.324623 seconds.
    0.1767

Elapsed time is 32.179514 seconds.
    0.1767

Elapsed time is 34.287188 seconds.
    0.1767

Elapsed time is 34.204194 seconds.
    0.1767

Elapsed time is 34.293816 seconds.
    0.1767

    64

--------------------------------------------
--------------------------------------------
generating done
direct mult
Elapsed time is 3268.339019 seconds.
-----------------------
Elapsed time is 37.614152 seconds.
    0.1249

Elapsed time is 37.544646 seconds.
    0.1249

Elapsed time is 37.521587 seconds.
    0.1249

Elapsed time is 37.520918 seconds.
    0.1249

Elapsed time is 35.620910 seconds.
    0.1249

Elapsed time is 35.436165 seconds.
    0.1249

Elapsed time is 36.742272 seconds.
    0.1249

Elapsed time is 37.421064 seconds.
    0.1249

Elapsed time is 37.439084 seconds.
    0.1249

Elapsed time is 37.258864 seconds.
    0.1249

generating done
direct mult
Elapsed time is 3263.779791 seconds.
-----------------------
Elapsed time is 37.386388 seconds.
    0.1249

Elapsed time is 37.406254 seconds.
    0.1249

Elapsed time is 37.434812 seconds.
    0.1249

Elapsed time is 37.503705 seconds.
    0.1249

Elapsed time is 37.361963 seconds.
    0.1249

Elapsed time is 37.538718 seconds.
    0.1249

Elapsed time is 36.307243 seconds.
    0.1249

Elapsed time is 35.516947 seconds.
    0.1249

Elapsed time is 35.796488 seconds.
    0.1249

Elapsed time is 37.438080 seconds.
    0.1249

generating done
direct mult
Elapsed time is 3264.106260 seconds.
-----------------------
Elapsed time is 37.443694 seconds.
    0.1249

Elapsed time is 37.524772 seconds.
    0.1249

Elapsed time is 37.550075 seconds.
    0.1249

Elapsed time is 37.419769 seconds.
    0.1249

Elapsed time is 37.620367 seconds.
    0.1249

Elapsed time is 37.625530 seconds.
    0.1249

Elapsed time is 37.634310 seconds.
    0.1249

Elapsed time is 37.559164 seconds.
    0.1249

Elapsed time is 35.413068 seconds.
    0.1249

Elapsed time is 35.325019 seconds.
    0.1249

generating done
direct mult
Elapsed time is 3263.163835 seconds.
-----------------------
Elapsed time is 37.510747 seconds.
    0.1249

Elapsed time is 37.535499 seconds.
    0.1249

Elapsed time is 37.436464 seconds.
    0.1249

Elapsed time is 37.577725 seconds.
    0.1249

Elapsed time is 37.449629 seconds.
    0.1249

Elapsed time is 37.603380 seconds.
    0.1249

Elapsed time is 36.384834 seconds.
    0.1249

Elapsed time is 35.492281 seconds.
    0.1249

Elapsed time is 34.315478 seconds.
    0.1249

Elapsed time is 36.926330 seconds.
    0.1249

generating done
direct mult
Elapsed time is 3273.202566 seconds.
-----------------------
Elapsed time is 37.320930 seconds.
    0.1249

Elapsed time is 37.313806 seconds.
    0.1249

Elapsed time is 37.226553 seconds.
    0.1249

Elapsed time is 37.329855 seconds.
    0.1249

Elapsed time is 37.298643 seconds.
    0.1249

Elapsed time is 37.222739 seconds.
    0.1249

Elapsed time is 37.358820 seconds.
    0.1249

Elapsed time is 37.335205 seconds.
    0.1249

Elapsed time is 37.366700 seconds.
    0.1249

Elapsed time is 37.373682 seconds.
    0.1249

   128

--------------------------------------------
--------------------------------------------
generating done
direct mult
Elapsed time is 3243.580613 seconds.
-----------------------
Elapsed time is 44.320771 seconds.
    0.0882

Elapsed time is 44.442475 seconds.
    0.0882

Elapsed time is 44.280805 seconds.
    0.0882

Elapsed time is 42.575724 seconds.
    0.0882

Elapsed time is 42.871019 seconds.
    0.0882

Elapsed time is 44.524361 seconds.
    0.0882

Elapsed time is 44.436544 seconds.
    0.0882

Elapsed time is 44.343438 seconds.
    0.0882

Elapsed time is 44.141886 seconds.
    0.0882

Elapsed time is 44.266047 seconds.
    0.0882

generating done
direct mult
Elapsed time is 3244.124967 seconds.
-----------------------
Elapsed time is 43.851950 seconds.
    0.0882

Elapsed time is 44.561206 seconds.
    0.0882

Elapsed time is 42.440391 seconds.
    0.0882

Elapsed time is 42.378002 seconds.
    0.0882

Elapsed time is 44.279684 seconds.
    0.0882

Elapsed time is 44.417075 seconds.
    0.0882

Elapsed time is 43.875630 seconds.
    0.0882

Elapsed time is 44.222616 seconds.
    0.0882

Elapsed time is 44.136800 seconds.
    0.0882

Elapsed time is 44.173593 seconds.
    0.0882

generating done
direct mult
Elapsed time is 3230.592404 seconds.
-----------------------
Elapsed time is 44.167195 seconds.
    0.0882

Elapsed time is 44.630695 seconds.
    0.0882

Elapsed time is 43.476993 seconds.
    0.0882

Elapsed time is 44.365747 seconds.
    0.0882

Elapsed time is 44.173175 seconds.
    0.0882

Elapsed time is 44.030105 seconds.
    0.0882

Elapsed time is 44.201302 seconds.
    0.0882

Elapsed time is 43.975203 seconds.
    0.0882

Elapsed time is 44.208608 seconds.
    0.0882

Elapsed time is 43.990932 seconds.
    0.0882

generating done
direct mult
Elapsed time is 3244.169298 seconds.
-----------------------
Elapsed time is 44.346310 seconds.
    0.0882

Elapsed time is 44.530233 seconds.
    0.0882

Elapsed time is 44.041010 seconds.
    0.0882

Elapsed time is 44.381231 seconds.
    0.0882

Elapsed time is 44.435436 seconds.
    0.0882

Elapsed time is 44.553546 seconds.
    0.0882

Elapsed time is 44.441965 seconds.
    0.0882

Elapsed time is 44.704091 seconds.
    0.0882

Elapsed time is 44.435246 seconds.
    0.0882

Elapsed time is 44.679758 seconds.
    0.0882

generating done
direct mult
Elapsed time is 3237.617290 seconds.
-----------------------
Elapsed time is 44.250973 seconds.
    0.0882

Elapsed time is 44.225329 seconds.
    0.0882

Elapsed time is 44.107206 seconds.
    0.0882

Elapsed time is 42.645625 seconds.
    0.0882

Elapsed time is 42.406617 seconds.
    0.0882

Elapsed time is 44.277576 seconds.
    0.0882

Elapsed time is 44.164923 seconds.
    0.0882

Elapsed time is 43.519373 seconds.
    0.0882

Elapsed time is 44.270869 seconds.
    0.0882

Elapsed time is 44.617559 seconds.
    0.0882

   256

--------------------------------------------
--------------------------------------------
generating done
direct mult
Elapsed time is 3235.065109 seconds.
-----------------------
Elapsed time is 62.951162 seconds.
    0.0623

Elapsed time is 62.461251 seconds.
    0.0623

Elapsed time is 63.002878 seconds.
    0.0623

Elapsed time is 62.558554 seconds.
    0.0623

Elapsed time is 62.937862 seconds.
    0.0623

Elapsed time is 63.155900 seconds.
    0.0623

Elapsed time is 63.125123 seconds.
    0.0623

Elapsed time is 63.013934 seconds.
    0.0623

Elapsed time is 62.608935 seconds.
    0.0623

Elapsed time is 60.769290 seconds.
    0.0623

generating done
direct mult
Elapsed time is 3244.304186 seconds.
-----------------------
Elapsed time is 61.392575 seconds.
    0.0623

Elapsed time is 61.010487 seconds.
    0.0623

Elapsed time is 57.317074 seconds.
    0.0623

Elapsed time is 60.199094 seconds.
    0.0623

Elapsed time is 61.033948 seconds.
    0.0623

Elapsed time is 59.362425 seconds.
    0.0623

Elapsed time is 60.832920 seconds.
    0.0623

Elapsed time is 59.615404 seconds.
    0.0623

Elapsed time is 60.556065 seconds.
    0.0623

Elapsed time is 60.186587 seconds.
    0.0623

generating done
direct mult
Elapsed time is 3233.911432 seconds.
-----------------------
Elapsed time is 60.850405 seconds.
    0.0623

Elapsed time is 59.945337 seconds.
    0.0623

Elapsed time is 60.382422 seconds.
    0.0623

Elapsed time is 59.168066 seconds.
    0.0623

Elapsed time is 57.372952 seconds.
    0.0623

Elapsed time is 59.758777 seconds.
    0.0623

Elapsed time is 60.191578 seconds.
    0.0623

Elapsed time is 59.531292 seconds.
    0.0623

Elapsed time is 60.295308 seconds.
    0.0623

Elapsed time is 59.488404 seconds.
    0.0623

generating done
direct mult
Elapsed time is 3220.417634 seconds.
-----------------------
Elapsed time is 60.124370 seconds.
    0.0623

Elapsed time is 58.548846 seconds.
    0.0623

Elapsed time is 59.459436 seconds.
    0.0623

Elapsed time is 59.169667 seconds.
    0.0623

Elapsed time is 59.630174 seconds.
    0.0623

Elapsed time is 59.501384 seconds.
    0.0623

Elapsed time is 59.588508 seconds.
    0.0623

Elapsed time is 59.171843 seconds.
    0.0623

Elapsed time is 60.163862 seconds.
    0.0623

Elapsed time is 58.795088 seconds.
    0.0623

generating done
direct mult
Elapsed time is 3201.010182 seconds.
-----------------------
Elapsed time is 59.780839 seconds.
    0.0623

Elapsed time is 58.684191 seconds.
    0.0623

Elapsed time is 59.548250 seconds.
    0.0623

Elapsed time is 58.716999 seconds.
    0.0623

Elapsed time is 59.656776 seconds.
    0.0623

Elapsed time is 58.568833 seconds.
    0.0623

Elapsed time is 59.535150 seconds.
    0.0623

Elapsed time is 58.744050 seconds.
    0.0623

Elapsed time is 59.271107 seconds.
    0.0623

Elapsed time is 58.813283 seconds.
    0.0623

   512

--------------------------------------------
--------------------------------------------
generating done
direct mult
Elapsed time is 3056.224513 seconds.
-----------------------
Elapsed time is 85.569456 seconds.
    0.0438

Elapsed time is 85.000597 seconds.
    0.0438

Elapsed time is 85.125837 seconds.
    0.0438

Elapsed time is 84.970044 seconds.
    0.0438

Elapsed time is 85.177470 seconds.
    0.0438

Elapsed time is 84.948719 seconds.
    0.0438

Elapsed time is 85.151845 seconds.
    0.0438

Elapsed time is 84.782197 seconds.
    0.0438

Elapsed time is 85.178815 seconds.
    0.0438

Elapsed time is 84.799259 seconds.
    0.0438

generating done
direct mult
Elapsed time is 2897.228169 seconds.
-----------------------
Elapsed time is 86.518397 seconds.
    0.0438

Elapsed time is 86.143095 seconds.
    0.0438

Elapsed time is 86.463672 seconds.
    0.0438

Elapsed time is 85.087469 seconds.
    0.0438

Elapsed time is 85.440336 seconds.
    0.0438

Elapsed time is 85.142675 seconds.
    0.0438

Elapsed time is 85.263217 seconds.
    0.0438

Elapsed time is 84.924736 seconds.
    0.0438

Elapsed time is 84.887365 seconds.
    0.0438

Elapsed time is 85.044755 seconds.
    0.0438

generating done
direct mult
Elapsed time is 2894.243259 seconds.
-----------------------
Elapsed time is 85.956225 seconds.
    0.0438

Elapsed time is 85.258870 seconds.
    0.0438

Elapsed time is 85.235404 seconds.
    0.0438

Elapsed time is 85.175250 seconds.
    0.0438

Elapsed time is 85.266140 seconds.
    0.0438

Elapsed time is 85.302863 seconds.
    0.0438

Elapsed time is 85.706589 seconds.
    0.0438

Elapsed time is 85.205307 seconds.
    0.0438

Elapsed time is 86.356969 seconds.
    0.0438

Elapsed time is 86.221723 seconds.
    0.0438

generating done
direct mult
Elapsed time is 2909.013188 seconds.
-----------------------
Elapsed time is 85.111087 seconds.
    0.0438

Elapsed time is 84.822574 seconds.
    0.0438

Elapsed time is 85.096193 seconds.
    0.0438

Elapsed time is 84.867548 seconds.
    0.0438

Elapsed time is 85.105907 seconds.
    0.0438

Elapsed time is 84.831880 seconds.
    0.0438

Elapsed time is 85.770386 seconds.
    0.0438

Elapsed time is 86.027737 seconds.
    0.0438

Elapsed time is 85.333336 seconds.
    0.0438

Elapsed time is 85.118437 seconds.
    0.0438

generating done
direct mult
Elapsed time is 2897.265104 seconds.
-----------------------
Elapsed time is 85.437020 seconds.
    0.0438

Elapsed time is 85.122288 seconds.
    0.0438

Elapsed time is 85.068647 seconds.
    0.0438

Elapsed time is 85.232691 seconds.
    0.0438

Elapsed time is 84.845390 seconds.
    0.0438

Elapsed time is 85.229303 seconds.
    0.0438

Elapsed time is 85.503580 seconds.
    0.0438

Elapsed time is 85.229170 seconds.
    0.0438

Elapsed time is 86.406005 seconds.
    0.0438

Elapsed time is 85.212069 seconds.
    0.0438

        1024

--------------------------------------------
--------------------------------------------
generating done
direct mult
Elapsed time is 2897.824715 seconds.
-----------------------
Elapsed time is 166.176811 seconds.
    0.0308

Elapsed time is 163.907783 seconds.
    0.0308

Elapsed time is 164.070946 seconds.
    0.0308

Elapsed time is 163.886359 seconds.
    0.0308

Elapsed time is 165.308477 seconds.
    0.0308

Elapsed time is 165.182826 seconds.
    0.0308

Elapsed time is 164.550409 seconds.
    0.0308

Elapsed time is 164.347259 seconds.
    0.0308

Elapsed time is 164.072149 seconds.
    0.0308

Elapsed time is 163.773446 seconds.
    0.0308

generating done
direct mult
Elapsed time is 2897.133213 seconds.
-----------------------
Elapsed time is 165.947093 seconds.
    0.0308

Elapsed time is 163.683146 seconds.
    0.0308

Elapsed time is 164.218721 seconds.
    0.0308

Elapsed time is 163.706879 seconds.
    0.0308

Elapsed time is 164.635016 seconds.
    0.0308

Elapsed time is 163.764196 seconds.
    0.0308

Elapsed time is 164.355337 seconds.
    0.0308

Elapsed time is 164.392314 seconds.
    0.0308

Elapsed time is 165.206165 seconds.
    0.0308

Elapsed time is 164.138761 seconds.
    0.0308

generating done
direct mult
Elapsed time is 2896.226531 seconds.
-----------------------
Elapsed time is 164.171619 seconds.
    0.0308

Elapsed time is 163.761936 seconds.
    0.0308

Elapsed time is 164.538651 seconds.
    0.0308

Elapsed time is 163.813027 seconds.
    0.0308

Elapsed time is 163.963947 seconds.
    0.0308

Elapsed time is 163.695375 seconds.
    0.0308

Elapsed time is 163.673462 seconds.
    0.0308

Elapsed time is 164.347446 seconds.
    0.0308

Elapsed time is 164.703247 seconds.
    0.0308

Elapsed time is 163.861334 seconds.
    0.0308

generating done
direct mult
Elapsed time is 2872.333221 seconds.
-----------------------
Elapsed time is 160.536565 seconds.
    0.0308

Elapsed time is 160.596764 seconds.
    0.0308

Elapsed time is 160.510952 seconds.
    0.0308

Elapsed time is 160.544218 seconds.
    0.0308

Elapsed time is 160.551462 seconds.
    0.0308

Elapsed time is 160.571561 seconds.
    0.0308

Elapsed time is 160.554820 seconds.
    0.0308

Elapsed time is 160.532753 seconds.
    0.0308

Elapsed time is 160.531011 seconds.
    0.0308

Elapsed time is 160.522116 seconds.
    0.0308

generating done
direct mult
Elapsed time is 2859.752416 seconds.
-----------------------
Elapsed time is 160.464438 seconds.
    0.0308

Elapsed time is 160.519791 seconds.
    0.0308

Elapsed time is 160.432997 seconds.
    0.0308

Elapsed time is 160.446809 seconds.
    0.0308

Elapsed time is 160.432613 seconds.
    0.0308

Elapsed time is 160.423216 seconds.
    0.0308

Elapsed time is 160.399423 seconds.
    0.0308

Elapsed time is 160.451255 seconds.
    0.0308

Elapsed time is 160.399133 seconds.
    0.0308

Elapsed time is 160.453804 seconds.
    0.0308

>> 